<?xml version="1.0" encoding="UTF-8"?>
<!-- Generated by org.testng.reporters.JUnitReportReporter -->
<testsuite skipped="0" hostname="HDC3-D-434RPXW" name="test.ParametersTest" tests="1" failures="0" timestamp="24 Aug 2018 05:42:30 GMT" time="0.022" errors="0">
  <testcase name="test_01" time="0.022" classname="test.ParametersTest"/>
</testsuite> <!-- test.ParametersTest -->
