<?xml version="1.0" encoding="UTF-8"?>
<!-- Generated by org.testng.reporters.JUnitReportReporter -->
<testsuite skipped="0" hostname="HDC3-D-434RPXW" name="test.ParallelOne" tests="1" failures="0" timestamp="23 Aug 2018 07:39:02 GMT" time="118.996" errors="0">
  <testcase name="test_01" time="118.996" classname="test.ParallelOne"/>
</testsuite> <!-- test.ParallelOne -->
