<?xml version="1.0" encoding="UTF-8"?>
<!-- Generated by org.testng.reporters.JUnitReportReporter -->
<testsuite skipped="0" hostname="HDC3-D-434RPXW" name="test.PropertiesFileTest" tests="1" failures="0" timestamp="24 Aug 2018 06:17:06 GMT" time="38.413" errors="0">
  <testcase name="test_01" time="38.413" classname="test.PropertiesFileTest"/>
</testsuite> <!-- test.PropertiesFileTest -->
