<?xml version="1.0" encoding="UTF-8"?>
<!-- Generated by org.testng.reporters.JUnitReportReporter -->
<testsuite skipped="0" hostname="HDC3-D-434RPXW" name="test.TestClass1" tests="1" failures="0" timestamp="21 Aug 2018 06:18:50 GMT" time="8.534" errors="0">
  <testcase name="method1" time="8.534" classname="test.TestClass1"/>
</testsuite> <!-- test.TestClass1 -->
