<?xml version="1.0" encoding="UTF-8"?>
<!-- Generated by org.testng.reporters.JUnitReportReporter -->
<testsuite skipped="0" hostname="HDC3-D-434RPXW" name="test.DataProviderTest" tests="6" failures="0" timestamp="24 Aug 2018 05:32:02 GMT" time="0.152" errors="0">
  <testcase name="test_01" time="0.052" classname="test.DataProviderTest"/>
  <testcase name="test_01" time="0.007" classname="test.DataProviderTest"/>
  <testcase name="test_01" time="0.027" classname="test.DataProviderTest"/>
  <testcase name="test_01" time="0.021" classname="test.DataProviderTest"/>
  <testcase name="test_01" time="0.011" classname="test.DataProviderTest"/>
  <testcase name="test_01" time="0.034" classname="test.DataProviderTest"/>
</testsuite> <!-- test.DataProviderTest -->
