<?xml version="1.0" encoding="UTF-8"?>
<!-- Generated by org.testng.reporters.JUnitReportReporter -->
<testsuite skipped="0" hostname="HDC3-D-434RPXW" name="test.DataDrivenTests" tests="1" failures="0" timestamp="27 Aug 2018 10:12:06 GMT" time="34.472" errors="0">
  <testcase name="searchFlight" time="34.472" classname="test.DataDrivenTests"/>
</testsuite> <!-- test.DataDrivenTests -->
