<?xml version="1.0" encoding="UTF-8"?>
<!-- Generated by org.testng.reporters.JUnitReportReporter -->
<testsuite skipped="0" hostname="HDC3-D-434RPXW" name="test.TestClass2" tests="1" failures="0" timestamp="17 Aug 2018 05:30:51 GMT" time="0.029" errors="0">
  <testcase name="method1" time="0.029" classname="test.TestClass2"/>
</testsuite> <!-- test.TestClass2 -->
