<?xml version="1.0" encoding="UTF-8"?>
<!-- Generated by org.testng.reporters.JUnitReportReporter -->
<testsuite skipped="0" hostname="HDC3-D-434RPXW" name="packageTest.TestClass" tests="1" failures="0" timestamp="27 Aug 2018 03:44:18 GMT" time="40.429" errors="0">
  <testcase name="attendance" time="40.429" classname="packageTest.TestClass"/>
</testsuite> <!-- packageTest.TestClass -->
