<?xml version="1.0" encoding="UTF-8"?>
<!-- Generated by org.testng.reporters.JUnitReportReporter -->
<testsuite skipped="0" hostname="HDC3-D-434RPXW" name="packageTest.HelperClass" tests="1" failures="0" timestamp="24 Aug 2018 10:44:00 GMT" time="0.106" errors="0">
  <testcase name="currentHour" time="0.106" classname="packageTest.HelperClass"/>
</testsuite> <!-- packageTest.HelperClass -->
