<?xml version="1.0" encoding="UTF-8"?>
<!-- Generated by org.testng.reporters.JUnitReportReporter -->
<testsuite skipped="0" hostname="HDC3-D-434RPXW" name="packageTest.TestClass" tests="1" failures="0" timestamp="24 Aug 2018 10:48:36 GMT" time="60.520" errors="0">
  <testcase name="attendance" time="60.520" classname="packageTest.TestClass"/>
</testsuite> <!-- packageTest.TestClass -->
