<?xml version="1.0" encoding="UTF-8"?>
<!-- Generated by org.testng.reporters.JUnitReportReporter -->
<testsuite skipped="0" hostname="HDC3-D-434RPXW" name="packageTest.TestClass" tests="1" failures="0" timestamp="31 Aug 2018 08:01:01 GMT" time="190.781" errors="0">
  <testcase name="attendance" time="190.781" classname="packageTest.TestClass"/>
</testsuite> <!-- packageTest.TestClass -->
